EXPLAIN
-> Sort: chn.`name`  (actual time=14013..14013 rows=104 loops=1)\n    -> Stream results  (cost=2017 rows=4.89) (actual time=155..14013 rows=104 loops=1)\n        -> Nested loop inner join  (cost=2017 rows=4.89) (actual time=155..14012 rows=104 loops=1)\n            -> Nested loop inner join  (cost=2016 rows=4.89) (actual time=155..14000 rows=112 loops=1)\n                -> Nested loop inner join  (cost=1999 rows=48.9) (actual time=10.5..13866 rows=14254 loops=1)\n                    -> Nested loop inner join  (cost=1982 rows=48.9) (actual time=10.5..13862 rows=14254 loops=1)\n                        -> Nested loop inner join  (cost=1965 rows=22.8) (actual time=10.3..13548 rows=5211 loops=1)\n                            -> Nested loop inner join  (cost=1941 rows=68.4) (actual time=10.2..12612 rows=25874 loops=1)\n                                -> Filter: (rt.`role` = 'actor')  (cost=1.45 rows=1.2) (actual time=0.287..0.329 rows=1 loops=1)\n                                    -> Table scan on rt  (cost=1.45 rows=12) (actual time=0.277..0.318 rows=12 loops=1)\n                                -> Filter: ((ci.note like '%(voice)%') and (ci.note like '%(uncredited)%') and (ci.person_role_id is not null))  (cost=1159 rows=57) (actual time=9.9..12610 rows=25874 loops=1)\n                                    -> Index lookup on ci using role_id_cast_info (role_id = rt.id)  (cost=1159 rows=4618) (actual time=3.23..12021 rows=12.7e+6 loops=1)\n                            -> Filter: (t.production_year > 2005)  (cost=0.25 rows=0.333) (actual time=0.0361..0.0361 rows=0.201 loops=25874)\n                                -> Single-row index lookup on t using PRIMARY (id = ci.movie_id)  (cost=0.25 rows=1) (actual time=0.036..0.036 rows=1 loops=25874)\n                        -> Index lookup on mc using movie_id_movie_companies (movie_id = ci.movie_id)  (cost=0.546 rows=2.15) (actual time=0.0506..0.06 rows=2.74 loops=5211)\n                    -> Single-row covering index lookup on ct using PRIMARY (id = mc.company_type_id)  (cost=0.252 rows=1) (actual time=198e-6..217e-6 rows=1 loops=14254)\n                -> Filter: (cn.country_code = '[ru]')  (cost=0.25 rows=0.1) (actual time=0.00936..0.00936 rows=0.00786 loops=14254)\n                    -> Single-row index lookup on cn using PRIMARY (id = mc.company_id)  (cost=0.25 rows=1) (actual time=0.00918..0.0092 rows=1 loops=14254)\n            -> Single-row index lookup on chn using PRIMARY (id = ci.person_role_id)  (cost=0.137 rows=1) (actual time=0.108..0.108 rows=0.929 loops=112)\n
