EXPLAIN
-> Sort: b.a_id  (cost=4.91..4.91 rows=1)
    -> Inner hash join (b.a_id = a.id)  (cost=4.56..4.56 rows=1)
        -> Table scan on a  (cost=0.866..0.866 rows=1)
        -> Hash
            -> Table scan on b  (cost=1.85..1.85 rows=1)

