EXPLAIN
-> Inner hash join (b.a_id = a.id)  (cost=33504..45622 rows=10000)
    -> Table scan on a  (cost=0.866..8664 rows=10000)
    -> Hash
        -> Table scan on b  (cost=1.85..18525 rows=10000)

