Executing: ../mysql-server-build/build-release/bin/mysql -uroot --local-infile=1 --port=13000 --host=127.0.0.1 ssb_s1 with input size: 279 bytes
EXPLAIN
-> Aggregate: sum((lineorder.lo_extendedprice * lineorder.lo_discount))  (cost=2.13e+9..2.13e+9 rows=1 height=1) (actual time=165945..165945 rows=1 loops=1)
    -> Inner hash join (lineorder.lo_orderdate = `date`.d_datekey) (fill_ratio=0.000783205)  (cost=4910..2.13e+9 rows=1.1e+6 height=1) (actual time=4.05..165375 rows=5.96e+6 loops=1)
        -> Filter: ((lineorder.lo_discount between 1 and 3) and (lineorder.lo_quantity < 25))  (cost=193..2.13e+9 rows=11e+6 height=1) (actual time=1.89..162407 rows=39.3e+6 loops=1)
            -> Table scan on lineorder  (cost=7.07..2.11e+9 rows=298e+6 height=1) (actual time=1.89..146077 rows=300e+6 loops=1)
        -> Hash
            -> Filter: (`date`.d_year = 1993)  (cost=10.3..2601 rows=254 height=1) (actual time=0.82..2.12 rows=365 loops=1)
                -> Table scan on date  (cost=0.968..2455 rows=2537 height=1) (actual time=0.276..2.03 rows=2557 loops=1)
